<?xml version="1.0" encoding="UTF-8"?>
<testng-results ignored="0" total="1" passed="1" failed="0" skipped="0">
  <reporter-output>
  </reporter-output>
  <suite started-at="2026-06-22T23:40:19 IST" name="Default suite" finished-at="2026-06-22T23:40:36 IST" duration-ms="16912">
    <groups>
    </groups>
    <test started-at="2026-06-22T23:40:19 IST" name="Default test" finished-at="2026-06-22T23:40:36 IST" duration-ms="16912">
      <class name="Appium.Calling">
        <test-method is-config="true" signature="beforeTest()[pri:0, instance:Appium.Calling@6fa51cd4]" started-at="2026-06-22T23:40:19 IST" name="beforeTest" finished-at="2026-06-22T23:40:25 IST" duration-ms="5536" status="PASS">
          <reporter-output>
          </reporter-output>
        </test-method> <!-- beforeTest -->
        <test-method signature="addNum()[pri:0, instance:Appium.Calling@6fa51cd4]" started-at="2026-06-22T23:40:25 IST" name="addNum" finished-at="2026-06-22T23:40:35 IST" duration-ms="10190" status="PASS">
          <reporter-output>
          </reporter-output>
        </test-method> <!-- addNum -->
        <test-method is-config="true" signature="afterTest()[pri:0, instance:Appium.Calling@6fa51cd4]" started-at="2026-06-22T23:40:35 IST" name="afterTest" finished-at="2026-06-22T23:40:36 IST" duration-ms="1065" status="PASS">
          <reporter-output>
          </reporter-output>
        </test-method> <!-- afterTest -->
      </class> <!-- Appium.Calling -->
    </test> <!-- Default test -->
  </suite> <!-- Default suite -->
</testng-results>
