<?xml version="1.0" encoding="UTF-8"?>
<testng-results ignored="0" total="4" passed="4" failed="0" skipped="0">
  <reporter-output>
  </reporter-output>
  <suite started-at="2026-06-22T22:56:52 IST" name="Default suite" finished-at="2026-06-22T22:57:18 IST" duration-ms="26487">
    <groups>
    </groups>
    <test started-at="2026-06-22T22:56:52 IST" name="Default test" finished-at="2026-06-22T22:57:18 IST" duration-ms="26487">
      <class name="Appium.Calculator">
        <test-method is-config="true" signature="beforeTest()[pri:0, instance:Appium.Calculator@44ebcd03]" started-at="2026-06-22T22:56:52 IST" name="beforeTest" finished-at="2026-06-22T22:57:02 IST" duration-ms="9820" status="PASS">
          <reporter-output>
          </reporter-output>
        </test-method> <!-- beforeTest -->
        <test-method signature="addNum()[pri:0, instance:Appium.Calculator@44ebcd03]" started-at="2026-06-22T22:57:02 IST" name="addNum" finished-at="2026-06-22T22:57:07 IST" duration-ms="5482" status="PASS">
          <reporter-output>
          </reporter-output>
        </test-method> <!-- addNum -->
        <test-method signature="divideNum()[pri:0, instance:Appium.Calculator@44ebcd03]" started-at="2026-06-22T22:57:07 IST" name="divideNum" finished-at="2026-06-22T22:57:11 IST" duration-ms="4029" status="PASS">
          <reporter-output>
          </reporter-output>
        </test-method> <!-- divideNum -->
        <test-method signature="multiplyNum()[pri:0, instance:Appium.Calculator@44ebcd03]" started-at="2026-06-22T22:57:11 IST" name="multiplyNum" finished-at="2026-06-22T22:57:14 IST" duration-ms="2831" status="PASS">
          <reporter-output>
          </reporter-output>
        </test-method> <!-- multiplyNum -->
        <test-method signature="subractNum()[pri:0, instance:Appium.Calculator@44ebcd03]" started-at="2026-06-22T22:57:14 IST" name="subractNum" finished-at="2026-06-22T22:57:17 IST" duration-ms="3413" status="PASS">
          <reporter-output>
          </reporter-output>
        </test-method> <!-- subractNum -->
        <test-method is-config="true" signature="afterTest()[pri:0, instance:Appium.Calculator@44ebcd03]" started-at="2026-06-22T22:57:17 IST" name="afterTest" finished-at="2026-06-22T22:57:18 IST" duration-ms="819" status="PASS">
          <reporter-output>
          </reporter-output>
        </test-method> <!-- afterTest -->
      </class> <!-- Appium.Calculator -->
    </test> <!-- Default test -->
  </suite> <!-- Default suite -->
</testng-results>
