<?xml version="1.0" encoding="UTF-8"?>
<!-- Generated by org.testng.reporters.JUnitReportReporter -->
<testsuite hostname="DharshanJayapal" failures="0" tests="4" name="Appium.Calculator" time="15.755" errors="0" timestamp="2026-06-22T22:57:18 IST" skipped="0">
  <testcase classname="Appium.Calculator" name="subractNum" time="3.413"/>
  <testcase classname="Appium.Calculator" name="multiplyNum" time="2.831"/>
  <testcase classname="Appium.Calculator" name="addNum" time="5.482"/>
  <testcase classname="Appium.Calculator" name="divideNum" time="4.029"/>
</testsuite> <!-- Appium.Calculator -->
