<?xml version="1.0" encoding="UTF-8"?>
<!-- Generated by org.testng.reporters.JUnitReportReporter -->
<testsuite hostname="DharshanJayapal" failures="0" tests="4" name="Appium.Calculator" time="14.073" errors="0" timestamp="2026-06-22T23:35:30 IST" skipped="0">
  <testcase classname="Appium.Calculator" name="subractNum" time="3.202"/>
  <testcase classname="Appium.Calculator" name="divideNum" time="3.454"/>
  <testcase classname="Appium.Calculator" name="addNum" time="4.292"/>
  <testcase classname="Appium.Calculator" name="multiplyNum" time="3.125"/>
</testsuite> <!-- Appium.Calculator -->
