<?xml version="1.0" encoding="UTF-8"?>
<!-- Generated by org.testng.reporters.JUnitReportReporter -->
<testsuite hostname="DharshanJayapal" failures="0" tests="2" name="Appium.CallingBala" time="20.912" errors="1" timestamp="2026-06-18T16:16:24 IST" skipped="1">
  <testcase classname="Appium.CallingBala" name="beforeTest" time="20.912">
    <error message="Could not start a new session. Response code 500. Message: Could not find a connected Android device in 20000ms 
Host info: host: &#039;DHARSHANJAYAPAL&#039;, ip: &#039;192.168.1.101&#039;
Build info: version: &#039;4.13.0&#039;, revision: &#039;ba948ece5b*&#039;
System info: os.name: &#039;Windows 11&#039;, os.arch: &#039;amd64&#039;, os.version: &#039;10.0&#039;, java.version: &#039;25.0.2&#039;
Driver info: io.appium.java_client.android.AndroidDriver
Command: [null, newSession {capabilities=[{appium:noReset=true, appium:udid=mvs4gu4tkfytuosw, appium:uiautomator2ServerLaunchTimeout=120000, appium:autoGrantPermissions=false, appium:adbExecTimeout=120000, appium:ignoreHiddenApiPolicyError=true, appium:appActivity=com.android.contacts.activities.TwelveKeyDialer, appium:deviceName=Android, platformName=ANDROID, appium:automationName=UiAutomator2, appium:skipDeviceInitialization=true, appium:appPackage=com.android.contacts}], desiredCapabilities=Capabilities {appium:adbExecTimeout: 120000, appium:appActivity: com.android.contacts.activi..., appium:appPackage: com.android.contacts, appium:autoGrantPermissions: false, appium:automationName: UiAutomator2, appium:deviceName: Android, appium:ignoreHiddenApiPolicyError: true, appium:noReset: true, appium:skipDeviceInitialization: true, appium:udid: mvs4gu4tkfytuosw, appium:uiautomator2ServerLaunchTimeout: 120000, platformName: ANDROID}}]
Capabilities {appium:adbExecTimeout: 120000, appium:appActivity: com.android.contacts.activi..., appium:appPackage: com.android.contacts, appium:autoGrantPermissions: false, appium:automationName: UiAutomator2, appium:deviceName: Android, appium:ignoreHiddenApiPolicyError: true, appium:noReset: true, appium:skipDeviceInitialization: true, appium:udid: mvs4gu4tkfytuosw, appium:uiautomator2ServerLaunchTimeout: 120000, platformName: ANDROID}" type="org.openqa.selenium.SessionNotCreatedException">
      <![CDATA[org.openqa.selenium.SessionNotCreatedException: Could not start a new session. Response code 500. Message: Could not find a connected Android device in 20000ms 
Host info: host: 'DHARSHANJAYAPAL', ip: '192.168.1.101'
Build info: version: '4.13.0', revision: 'ba948ece5b*'
System info: os.name: 'Windows 11', os.arch: 'amd64', os.version: '10.0', java.version: '25.0.2'
Driver info: io.appium.java_client.android.AndroidDriver
Command: [null, newSession {capabilities=[{appium:noReset=true, appium:udid=mvs4gu4tkfytuosw, appium:uiautomator2ServerLaunchTimeout=120000, appium:autoGrantPermissions=false, appium:adbExecTimeout=120000, appium:ignoreHiddenApiPolicyError=true, appium:appActivity=com.android.contacts.activities.TwelveKeyDialer, appium:deviceName=Android, platformName=ANDROID, appium:automationName=UiAutomator2, appium:skipDeviceInitialization=true, appium:appPackage=com.android.contacts}], desiredCapabilities=Capabilities {appium:adbExecTimeout: 120000, appium:appActivity: com.android.contacts.activi..., appium:appPackage: com.android.contacts, appium:autoGrantPermissions: false, appium:automationName: UiAutomator2, appium:deviceName: Android, appium:ignoreHiddenApiPolicyError: true, appium:noReset: true, appium:skipDeviceInitialization: true, appium:udid: mvs4gu4tkfytuosw, appium:uiautomator2ServerLaunchTimeout: 120000, platformName: ANDROID}}]
Capabilities {appium:adbExecTimeout: 120000, appium:appActivity: com.android.contacts.activi..., appium:appPackage: com.android.contacts, appium:autoGrantPermissions: false, appium:automationName: UiAutomator2, appium:deviceName: Android, appium:ignoreHiddenApiPolicyError: true, appium:noReset: true, appium:skipDeviceInitialization: true, appium:udid: mvs4gu4tkfytuosw, appium:uiautomator2ServerLaunchTimeout: 120000, platformName: ANDROID}
at org.openqa.selenium.remote.ProtocolHandshake.createSession(ProtocolHandshake.java:140)
at java.base/jdk.internal.reflect.DirectMethodHandleAccessor.invoke(DirectMethodHandleAccessor.java:104)
at java.base/java.lang.reflect.Method.invoke(Method.java:565)
at io.appium.java_client.remote.AppiumProtocolHandshake.createSession(AppiumProtocolHandshake.java:133)
at io.appium.java_client.remote.AppiumProtocolHandshake.createSession(AppiumProtocolHandshake.java:102)
at io.appium.java_client.remote.AppiumCommandExecutor.createSession(AppiumCommandExecutor.java:182)
at io.appium.java_client.remote.AppiumCommandExecutor.execute(AppiumCommandExecutor.java:250)
at org.openqa.selenium.remote.RemoteWebDriver.execute(RemoteWebDriver.java:602)
at io.appium.java_client.AppiumDriver.startSession(AppiumDriver.java:274)
at org.openqa.selenium.remote.RemoteWebDriver.<init>(RemoteWebDriver.java:163)
at io.appium.java_client.AppiumDriver.<init>(AppiumDriver.java:89)
at io.appium.java_client.AppiumDriver.<init>(AppiumDriver.java:101)
at io.appium.java_client.android.AndroidDriver.<init>(AndroidDriver.java:113)
at Appium.CallingBala.beforeTest(CallingBala.java:47)
at java.base/jdk.internal.reflect.DirectMethodHandleAccessor.invoke(DirectMethodHandleAccessor.java:104)
at java.base/java.lang.reflect.Method.invoke(Method.java:565)
at org.testng.internal.invokers.MethodInvocationHelper.invokeMethod(MethodInvocationHelper.java:141)
at org.testng.internal.invokers.MethodInvocationHelper.invokeMethodConsideringTimeout(MethodInvocationHelper.java:71)
at org.testng.internal.invokers.ConfigInvoker.invokeConfigurationMethod(ConfigInvoker.java:400)
at org.testng.internal.invokers.ConfigInvoker.invokeConfigurations(ConfigInvoker.java:333)
at org.testng.TestRunner.invokeTestConfigurations(TestRunner.java:655)
at org.testng.TestRunner.beforeRun(TestRunner.java:644)
at org.testng.TestRunner.run(TestRunner.java:610)
at org.testng.SuiteRunner.runTest(SuiteRunner.java:421)
at org.testng.SuiteRunner.runSequentially(SuiteRunner.java:413)
at org.testng.SuiteRunner.privateRun(SuiteRunner.java:373)
at org.testng.SuiteRunner.run(SuiteRunner.java:312)
at org.testng.SuiteRunnerWorker.runSuite(SuiteRunnerWorker.java:52)
at org.testng.SuiteRunnerWorker.run(SuiteRunnerWorker.java:95)
at org.testng.TestNG.runSuitesSequentially(TestNG.java:1274)
at org.testng.TestNG.runSuitesLocally(TestNG.java:1208)
at org.testng.TestNG.runSuites(TestNG.java:1112)
at org.testng.TestNG.run(TestNG.java:1079)
at org.testng.remote.AbstractRemoteTestNG.run(AbstractRemoteTestNG.java:115)
at org.testng.remote.RemoteTestNG.initAndRun(RemoteTestNG.java:293)
at org.testng.remote.RemoteTestNG.main(RemoteTestNG.java:91)
]]>
    </error>
  </testcase> <!-- beforeTest -->
  <testcase classname="Appium.CallingBala" name="addNum" time="0.000">
    <skipped/>
  </testcase> <!-- addNum -->
</testsuite> <!-- Appium.CallingBala -->
